  compilation object save succeeded; see D:\Github\DirectX\Tutorial4\x64\Debug\ColorPs.cso
  compilation object save succeeded; see D:\Github\DirectX\Tutorial4\x64\Debug\ColorVs.cso
  ApplicationClass.cpp
C:\Program Files (x86)\Microsoft DirectX SDK (June 2010)\Include\dxgitype.h(12,9): warning C4005: 'DXGI_STATUS_OCCLUDED': 매크로 재정의
  (소스 파일 'ApplicationClass.cpp'을(를) 컴파일하는 중)
      C:\Program Files (x86)\Windows Kits\10\Include\10.0.22621.0\shared\winerror.h(58160,9):
      'DXGI_STATUS_OCCLUDED'의 이전 정의를 참조하십시오.
  
C:\Program Files (x86)\Microsoft DirectX SDK (June 2010)\Include\dxgitype.h(13,9): warning C4005: 'DXGI_STATUS_CLIPPED': 매크로 재정의
  (소스 파일 'ApplicationClass.cpp'을(를) 컴파일하는 중)
      C:\Program Files (x86)\Windows Kits\10\Include\10.0.22621.0\shared\winerror.h(58169,9):
      'DXGI_STATUS_CLIPPED'의 이전 정의를 참조하십시오.
  
C:\Program Files (x86)\Microsoft DirectX SDK (June 2010)\Include\dxgitype.h(14,9): warning C4005: 'DXGI_STATUS_NO_REDIRECTION': 매크로 재정의
  (소스 파일 'ApplicationClass.cpp'을(를) 컴파일하는 중)
      C:\Program Files (x86)\Windows Kits\10\Include\10.0.22621.0\shared\winerror.h(58178,9):
      'DXGI_STATUS_NO_REDIRECTION'의 이전 정의를 참조하십시오.
  
C:\Program Files (x86)\Microsoft DirectX SDK (June 2010)\Include\dxgitype.h(15,9): warning C4005: 'DXGI_STATUS_NO_DESKTOP_ACCESS': 매크로 재정의
  (소스 파일 'ApplicationClass.cpp'을(를) 컴파일하는 중)
      C:\Program Files (x86)\Windows Kits\10\Include\10.0.22621.0\shared\winerror.h(58187,9):
      'DXGI_STATUS_NO_DESKTOP_ACCESS'의 이전 정의를 참조하십시오.
  
C:\Program Files (x86)\Microsoft DirectX SDK (June 2010)\Include\dxgitype.h(16,9): warning C4005: 'DXGI_STATUS_GRAPHICS_VIDPN_SOURCE_IN_USE': 매크로 재정의
  (소스 파일 'ApplicationClass.cpp'을(를) 컴파일하는 중)
      C:\Program Files (x86)\Windows Kits\10\Include\10.0.22621.0\shared\winerror.h(58196,9):
      'DXGI_STATUS_GRAPHICS_VIDPN_SOURCE_IN_USE'의 이전 정의를 참조하십시오.
  
C:\Program Files (x86)\Microsoft DirectX SDK (June 2010)\Include\dxgitype.h(17,9): warning C4005: 'DXGI_STATUS_MODE_CHANGED': 매크로 재정의
  (소스 파일 'ApplicationClass.cpp'을(를) 컴파일하는 중)
      C:\Program Files (x86)\Windows Kits\10\Include\10.0.22621.0\shared\winerror.h(58205,9):
      'DXGI_STATUS_MODE_CHANGED'의 이전 정의를 참조하십시오.
  
C:\Program Files (x86)\Microsoft DirectX SDK (June 2010)\Include\dxgitype.h(18,9): warning C4005: 'DXGI_STATUS_MODE_CHANGE_IN_PROGRESS': 매크로 재정의
  (소스 파일 'ApplicationClass.cpp'을(를) 컴파일하는 중)
      C:\Program Files (x86)\Windows Kits\10\Include\10.0.22621.0\shared\winerror.h(58214,9):
      'DXGI_STATUS_MODE_CHANGE_IN_PROGRESS'의 이전 정의를 참조하십시오.
  
C:\Program Files (x86)\Microsoft DirectX SDK (June 2010)\Include\dxgitype.h(21,9): warning C4005: 'DXGI_ERROR_INVALID_CALL': 매크로 재정의
  (소스 파일 'ApplicationClass.cpp'을(를) 컴파일하는 중)
      C:\Program Files (x86)\Windows Kits\10\Include\10.0.22621.0\shared\winerror.h(58229,9):
      'DXGI_ERROR_INVALID_CALL'의 이전 정의를 참조하십시오.
  
C:\Program Files (x86)\Microsoft DirectX SDK (June 2010)\Include\dxgitype.h(22,9): warning C4005: 'DXGI_ERROR_NOT_FOUND': 매크로 재정의
  (소스 파일 'ApplicationClass.cpp'을(를) 컴파일하는 중)
      C:\Program Files (x86)\Windows Kits\10\Include\10.0.22621.0\shared\winerror.h(58238,9):
      'DXGI_ERROR_NOT_FOUND'의 이전 정의를 참조하십시오.
  
C:\Program Files (x86)\Microsoft DirectX SDK (June 2010)\Include\dxgitype.h(23,9): warning C4005: 'DXGI_ERROR_MORE_DATA': 매크로 재정의
  (소스 파일 'ApplicationClass.cpp'을(를) 컴파일하는 중)
      C:\Program Files (x86)\Windows Kits\10\Include\10.0.22621.0\shared\winerror.h(58247,9):
      'DXGI_ERROR_MORE_DATA'의 이전 정의를 참조하십시오.
  
C:\Program Files (x86)\Microsoft DirectX SDK (June 2010)\Include\dxgitype.h(24,9): warning C4005: 'DXGI_ERROR_UNSUPPORTED': 매크로 재정의
  (소스 파일 'ApplicationClass.cpp'을(를) 컴파일하는 중)
      C:\Program Files (x86)\Windows Kits\10\Include\10.0.22621.0\shared\winerror.h(58256,9):
      'DXGI_ERROR_UNSUPPORTED'의 이전 정의를 참조하십시오.
  
C:\Program Files (x86)\Microsoft DirectX SDK (June 2010)\Include\dxgitype.h(25,9): warning C4005: 'DXGI_ERROR_DEVICE_REMOVED': 매크로 재정의
  (소스 파일 'ApplicationClass.cpp'을(를) 컴파일하는 중)
      C:\Program Files (x86)\Windows Kits\10\Include\10.0.22621.0\shared\winerror.h(58265,9):
      'DXGI_ERROR_DEVICE_REMOVED'의 이전 정의를 참조하십시오.
  
C:\Program Files (x86)\Microsoft DirectX SDK (June 2010)\Include\dxgitype.h(26,9): warning C4005: 'DXGI_ERROR_DEVICE_HUNG': 매크로 재정의
  (소스 파일 'ApplicationClass.cpp'을(를) 컴파일하는 중)
      C:\Program Files (x86)\Windows Kits\10\Include\10.0.22621.0\shared\winerror.h(58274,9):
      'DXGI_ERROR_DEVICE_HUNG'의 이전 정의를 참조하십시오.
  
C:\Program Files (x86)\Microsoft DirectX SDK (June 2010)\Include\dxgitype.h(27,9): warning C4005: 'DXGI_ERROR_DEVICE_RESET': 매크로 재정의
  (소스 파일 'ApplicationClass.cpp'을(를) 컴파일하는 중)
      C:\Program Files (x86)\Windows Kits\10\Include\10.0.22621.0\shared\winerror.h(58284,9):
      'DXGI_ERROR_DEVICE_RESET'의 이전 정의를 참조하십시오.
  
C:\Program Files (x86)\Microsoft DirectX SDK (June 2010)\Include\dxgitype.h(28,9): warning C4005: 'DXGI_ERROR_WAS_STILL_DRAWING': 매크로 재정의
  (소스 파일 'ApplicationClass.cpp'을(를) 컴파일하는 중)
      C:\Program Files (x86)\Windows Kits\10\Include\10.0.22621.0\shared\winerror.h(58293,9):
      'DXGI_ERROR_WAS_STILL_DRAWING'의 이전 정의를 참조하십시오.
  
C:\Program Files (x86)\Microsoft DirectX SDK (June 2010)\Include\dxgitype.h(29,9): warning C4005: 'DXGI_ERROR_FRAME_STATISTICS_DISJOINT': 매크로 재정의
  (소스 파일 'ApplicationClass.cpp'을(를) 컴파일하는 중)
      C:\Program Files (x86)\Windows Kits\10\Include\10.0.22621.0\shared\winerror.h(58303,9):
      'DXGI_ERROR_FRAME_STATISTICS_DISJOINT'의 이전 정의를 참조하십시오.
  
C:\Program Files (x86)\Microsoft DirectX SDK (June 2010)\Include\dxgitype.h(30,9): warning C4005: 'DXGI_ERROR_GRAPHICS_VIDPN_SOURCE_IN_USE': 매크로 재정의
  (소스 파일 'ApplicationClass.cpp'을(를) 컴파일하는 중)
      C:\Program Files (x86)\Windows Kits\10\Include\10.0.22621.0\shared\winerror.h(58312,9):
      'DXGI_ERROR_GRAPHICS_VIDPN_SOURCE_IN_USE'의 이전 정의를 참조하십시오.
  
C:\Program Files (x86)\Microsoft DirectX SDK (June 2010)\Include\dxgitype.h(31,9): warning C4005: 'DXGI_ERROR_DRIVER_INTERNAL_ERROR': 매크로 재정의
  (소스 파일 'ApplicationClass.cpp'을(를) 컴파일하는 중)
      C:\Program Files (x86)\Windows Kits\10\Include\10.0.22621.0\shared\winerror.h(58322,9):
      'DXGI_ERROR_DRIVER_INTERNAL_ERROR'의 이전 정의를 참조하십시오.
  
C:\Program Files (x86)\Microsoft DirectX SDK (June 2010)\Include\dxgitype.h(32,9): warning C4005: 'DXGI_ERROR_NONEXCLUSIVE': 매크로 재정의
  (소스 파일 'ApplicationClass.cpp'을(를) 컴파일하는 중)
      C:\Program Files (x86)\Windows Kits\10\Include\10.0.22621.0\shared\winerror.h(58331,9):
      'DXGI_ERROR_NONEXCLUSIVE'의 이전 정의를 참조하십시오.
  
C:\Program Files (x86)\Microsoft DirectX SDK (June 2010)\Include\dxgitype.h(33,9): warning C4005: 'DXGI_ERROR_NOT_CURRENTLY_AVAILABLE': 매크로 재정의
  (소스 파일 'ApplicationClass.cpp'을(를) 컴파일하는 중)
      C:\Program Files (x86)\Windows Kits\10\Include\10.0.22621.0\shared\winerror.h(58340,9):
      'DXGI_ERROR_NOT_CURRENTLY_AVAILABLE'의 이전 정의를 참조하십시오.
  
C:\Program Files (x86)\Microsoft DirectX SDK (June 2010)\Include\dxgitype.h(34,9): warning C4005: 'DXGI_ERROR_REMOTE_CLIENT_DISCONNECTED': 매크로 재정의
  (소스 파일 'ApplicationClass.cpp'을(를) 컴파일하는 중)
      C:\Program Files (x86)\Windows Kits\10\Include\10.0.22621.0\shared\winerror.h(58350,9):
      'DXGI_ERROR_REMOTE_CLIENT_DISCONNECTED'의 이전 정의를 참조하십시오.
  
C:\Program Files (x86)\Microsoft DirectX SDK (June 2010)\Include\dxgitype.h(35,9): warning C4005: 'DXGI_ERROR_REMOTE_OUTOFMEMORY': 매크로 재정의
  (소스 파일 'ApplicationClass.cpp'을(를) 컴파일하는 중)
      C:\Program Files (x86)\Windows Kits\10\Include\10.0.22621.0\shared\winerror.h(58359,9):
      'DXGI_ERROR_REMOTE_OUTOFMEMORY'의 이전 정의를 참조하십시오.
  
C:\Program Files (x86)\Microsoft DirectX SDK (June 2010)\Include\d3d11.h(917,9): warning C4005: 'D3D11_ERROR_TOO_MANY_UNIQUE_STATE_OBJECTS': 매크로 재정의
  (소스 파일 'ApplicationClass.cpp'을(를) 컴파일하는 중)
      C:\Program Files (x86)\Windows Kits\10\Include\10.0.22621.0\shared\winerror.h(58665,9):
      'D3D11_ERROR_TOO_MANY_UNIQUE_STATE_OBJECTS'의 이전 정의를 참조하십시오.
  
C:\Program Files (x86)\Microsoft DirectX SDK (June 2010)\Include\d3d11.h(918,9): warning C4005: 'D3D11_ERROR_FILE_NOT_FOUND': 매크로 재정의
  (소스 파일 'ApplicationClass.cpp'을(를) 컴파일하는 중)
      C:\Program Files (x86)\Windows Kits\10\Include\10.0.22621.0\shared\winerror.h(58674,9):
      'D3D11_ERROR_FILE_NOT_FOUND'의 이전 정의를 참조하십시오.
  
C:\Program Files (x86)\Microsoft DirectX SDK (June 2010)\Include\d3d11.h(919,9): warning C4005: 'D3D11_ERROR_TOO_MANY_UNIQUE_VIEW_OBJECTS': 매크로 재정의
  (소스 파일 'ApplicationClass.cpp'을(를) 컴파일하는 중)
      C:\Program Files (x86)\Windows Kits\10\Include\10.0.22621.0\shared\winerror.h(58684,9):
      'D3D11_ERROR_TOO_MANY_UNIQUE_VIEW_OBJECTS'의 이전 정의를 참조하십시오.
  
C:\Program Files (x86)\Microsoft DirectX SDK (June 2010)\Include\d3d11.h(920,9): warning C4005: 'D3D11_ERROR_DEFERRED_CONTEXT_MAP_WITHOUT_INITIAL_DISCARD': 매크로 재정의
  (소스 파일 'ApplicationClass.cpp'을(를) 컴파일하는 중)
      C:\Program Files (x86)\Windows Kits\10\Include\10.0.22621.0\shared\winerror.h(58693,9):
      'D3D11_ERROR_DEFERRED_CONTEXT_MAP_WITHOUT_INITIAL_DISCARD'의 이전 정의를 참조하십시오.
  
C:\Program Files (x86)\Microsoft DirectX SDK (June 2010)\Include\d3d10.h(608,9): warning C4005: 'D3D10_ERROR_TOO_MANY_UNIQUE_STATE_OBJECTS': 매크로 재정의
  (소스 파일 'ApplicationClass.cpp'을(를) 컴파일하는 중)
      C:\Program Files (x86)\Windows Kits\10\Include\10.0.22621.0\shared\winerror.h(58641,9):
      'D3D10_ERROR_TOO_MANY_UNIQUE_STATE_OBJECTS'의 이전 정의를 참조하십시오.
  
C:\Program Files (x86)\Microsoft DirectX SDK (June 2010)\Include\d3d10.h(609,9): warning C4005: 'D3D10_ERROR_FILE_NOT_FOUND': 매크로 재정의
  (소스 파일 'ApplicationClass.cpp'을(를) 컴파일하는 중)
      C:\Program Files (x86)\Windows Kits\10\Include\10.0.22621.0\shared\winerror.h(58650,9):
      'D3D10_ERROR_FILE_NOT_FOUND'의 이전 정의를 참조하십시오.
  
  CameraClass.cpp
  ColorShaderClass.cpp
C:\Program Files (x86)\Microsoft DirectX SDK (June 2010)\Include\dxgitype.h(12,9): warning C4005: 'DXGI_STATUS_OCCLUDED': 매크로 재정의
  (소스 파일 'ColorShaderClass.cpp'을(를) 컴파일하는 중)
      C:\Program Files (x86)\Windows Kits\10\Include\10.0.22621.0\shared\winerror.h(58160,9):
      'DXGI_STATUS_OCCLUDED'의 이전 정의를 참조하십시오.
  
C:\Program Files (x86)\Microsoft DirectX SDK (June 2010)\Include\dxgitype.h(13,9): warning C4005: 'DXGI_STATUS_CLIPPED': 매크로 재정의
  (소스 파일 'ColorShaderClass.cpp'을(를) 컴파일하는 중)
      C:\Program Files (x86)\Windows Kits\10\Include\10.0.22621.0\shared\winerror.h(58169,9):
      'DXGI_STATUS_CLIPPED'의 이전 정의를 참조하십시오.
  
C:\Program Files (x86)\Microsoft DirectX SDK (June 2010)\Include\dxgitype.h(14,9): warning C4005: 'DXGI_STATUS_NO_REDIRECTION': 매크로 재정의
  (소스 파일 'ColorShaderClass.cpp'을(를) 컴파일하는 중)
      C:\Program Files (x86)\Windows Kits\10\Include\10.0.22621.0\shared\winerror.h(58178,9):
      'DXGI_STATUS_NO_REDIRECTION'의 이전 정의를 참조하십시오.
  
C:\Program Files (x86)\Microsoft DirectX SDK (June 2010)\Include\dxgitype.h(15,9): warning C4005: 'DXGI_STATUS_NO_DESKTOP_ACCESS': 매크로 재정의
  (소스 파일 'ColorShaderClass.cpp'을(를) 컴파일하는 중)
      C:\Program Files (x86)\Windows Kits\10\Include\10.0.22621.0\shared\winerror.h(58187,9):
      'DXGI_STATUS_NO_DESKTOP_ACCESS'의 이전 정의를 참조하십시오.
  
C:\Program Files (x86)\Microsoft DirectX SDK (June 2010)\Include\dxgitype.h(16,9): warning C4005: 'DXGI_STATUS_GRAPHICS_VIDPN_SOURCE_IN_USE': 매크로 재정의
  (소스 파일 'ColorShaderClass.cpp'을(를) 컴파일하는 중)
      C:\Program Files (x86)\Windows Kits\10\Include\10.0.22621.0\shared\winerror.h(58196,9):
      'DXGI_STATUS_GRAPHICS_VIDPN_SOURCE_IN_USE'의 이전 정의를 참조하십시오.
  
C:\Program Files (x86)\Microsoft DirectX SDK (June 2010)\Include\dxgitype.h(17,9): warning C4005: 'DXGI_STATUS_MODE_CHANGED': 매크로 재정의
  (소스 파일 'ColorShaderClass.cpp'을(를) 컴파일하는 중)
      C:\Program Files (x86)\Windows Kits\10\Include\10.0.22621.0\shared\winerror.h(58205,9):
      'DXGI_STATUS_MODE_CHANGED'의 이전 정의를 참조하십시오.
  
C:\Program Files (x86)\Microsoft DirectX SDK (June 2010)\Include\dxgitype.h(18,9): warning C4005: 'DXGI_STATUS_MODE_CHANGE_IN_PROGRESS': 매크로 재정의
  (소스 파일 'ColorShaderClass.cpp'을(를) 컴파일하는 중)
      C:\Program Files (x86)\Windows Kits\10\Include\10.0.22621.0\shared\winerror.h(58214,9):
      'DXGI_STATUS_MODE_CHANGE_IN_PROGRESS'의 이전 정의를 참조하십시오.
  
C:\Program Files (x86)\Microsoft DirectX SDK (June 2010)\Include\dxgitype.h(21,9): warning C4005: 'DXGI_ERROR_INVALID_CALL': 매크로 재정의
  (소스 파일 'ColorShaderClass.cpp'을(를) 컴파일하는 중)
      C:\Program Files (x86)\Windows Kits\10\Include\10.0.22621.0\shared\winerror.h(58229,9):
      'DXGI_ERROR_INVALID_CALL'의 이전 정의를 참조하십시오.
  
C:\Program Files (x86)\Microsoft DirectX SDK (June 2010)\Include\dxgitype.h(22,9): warning C4005: 'DXGI_ERROR_NOT_FOUND': 매크로 재정의
  (소스 파일 'ColorShaderClass.cpp'을(를) 컴파일하는 중)
      C:\Program Files (x86)\Windows Kits\10\Include\10.0.22621.0\shared\winerror.h(58238,9):
      'DXGI_ERROR_NOT_FOUND'의 이전 정의를 참조하십시오.
  
C:\Program Files (x86)\Microsoft DirectX SDK (June 2010)\Include\dxgitype.h(23,9): warning C4005: 'DXGI_ERROR_MORE_DATA': 매크로 재정의
  (소스 파일 'ColorShaderClass.cpp'을(를) 컴파일하는 중)
      C:\Program Files (x86)\Windows Kits\10\Include\10.0.22621.0\shared\winerror.h(58247,9):
      'DXGI_ERROR_MORE_DATA'의 이전 정의를 참조하십시오.
  
C:\Program Files (x86)\Microsoft DirectX SDK (June 2010)\Include\dxgitype.h(24,9): warning C4005: 'DXGI_ERROR_UNSUPPORTED': 매크로 재정의
  (소스 파일 'ColorShaderClass.cpp'을(를) 컴파일하는 중)
      C:\Program Files (x86)\Windows Kits\10\Include\10.0.22621.0\shared\winerror.h(58256,9):
      'DXGI_ERROR_UNSUPPORTED'의 이전 정의를 참조하십시오.
  
C:\Program Files (x86)\Microsoft DirectX SDK (June 2010)\Include\dxgitype.h(25,9): warning C4005: 'DXGI_ERROR_DEVICE_REMOVED': 매크로 재정의
  (소스 파일 'ColorShaderClass.cpp'을(를) 컴파일하는 중)
      C:\Program Files (x86)\Windows Kits\10\Include\10.0.22621.0\shared\winerror.h(58265,9):
      'DXGI_ERROR_DEVICE_REMOVED'의 이전 정의를 참조하십시오.
  
C:\Program Files (x86)\Microsoft DirectX SDK (June 2010)\Include\dxgitype.h(26,9): warning C4005: 'DXGI_ERROR_DEVICE_HUNG': 매크로 재정의
  (소스 파일 'ColorShaderClass.cpp'을(를) 컴파일하는 중)
      C:\Program Files (x86)\Windows Kits\10\Include\10.0.22621.0\shared\winerror.h(58274,9):
      'DXGI_ERROR_DEVICE_HUNG'의 이전 정의를 참조하십시오.
  
C:\Program Files (x86)\Microsoft DirectX SDK (June 2010)\Include\dxgitype.h(27,9): warning C4005: 'DXGI_ERROR_DEVICE_RESET': 매크로 재정의
  (소스 파일 'ColorShaderClass.cpp'을(를) 컴파일하는 중)
      C:\Program Files (x86)\Windows Kits\10\Include\10.0.22621.0\shared\winerror.h(58284,9):
      'DXGI_ERROR_DEVICE_RESET'의 이전 정의를 참조하십시오.
  
C:\Program Files (x86)\Microsoft DirectX SDK (June 2010)\Include\dxgitype.h(28,9): warning C4005: 'DXGI_ERROR_WAS_STILL_DRAWING': 매크로 재정의
  (소스 파일 'ColorShaderClass.cpp'을(를) 컴파일하는 중)
      C:\Program Files (x86)\Windows Kits\10\Include\10.0.22621.0\shared\winerror.h(58293,9):
      'DXGI_ERROR_WAS_STILL_DRAWING'의 이전 정의를 참조하십시오.
  
C:\Program Files (x86)\Microsoft DirectX SDK (June 2010)\Include\dxgitype.h(29,9): warning C4005: 'DXGI_ERROR_FRAME_STATISTICS_DISJOINT': 매크로 재정의
  (소스 파일 'ColorShaderClass.cpp'을(를) 컴파일하는 중)
      C:\Program Files (x86)\Windows Kits\10\Include\10.0.22621.0\shared\winerror.h(58303,9):
      'DXGI_ERROR_FRAME_STATISTICS_DISJOINT'의 이전 정의를 참조하십시오.
  
C:\Program Files (x86)\Microsoft DirectX SDK (June 2010)\Include\dxgitype.h(30,9): warning C4005: 'DXGI_ERROR_GRAPHICS_VIDPN_SOURCE_IN_USE': 매크로 재정의
  (소스 파일 'ColorShaderClass.cpp'을(를) 컴파일하는 중)
      C:\Program Files (x86)\Windows Kits\10\Include\10.0.22621.0\shared\winerror.h(58312,9):
      'DXGI_ERROR_GRAPHICS_VIDPN_SOURCE_IN_USE'의 이전 정의를 참조하십시오.
  
C:\Program Files (x86)\Microsoft DirectX SDK (June 2010)\Include\dxgitype.h(31,9): warning C4005: 'DXGI_ERROR_DRIVER_INTERNAL_ERROR': 매크로 재정의
  (소스 파일 'ColorShaderClass.cpp'을(를) 컴파일하는 중)
      C:\Program Files (x86)\Windows Kits\10\Include\10.0.22621.0\shared\winerror.h(58322,9):
      'DXGI_ERROR_DRIVER_INTERNAL_ERROR'의 이전 정의를 참조하십시오.
  
C:\Program Files (x86)\Microsoft DirectX SDK (June 2010)\Include\dxgitype.h(32,9): warning C4005: 'DXGI_ERROR_NONEXCLUSIVE': 매크로 재정의
  (소스 파일 'ColorShaderClass.cpp'을(를) 컴파일하는 중)
      C:\Program Files (x86)\Windows Kits\10\Include\10.0.22621.0\shared\winerror.h(58331,9):
      'DXGI_ERROR_NONEXCLUSIVE'의 이전 정의를 참조하십시오.
  
C:\Program Files (x86)\Microsoft DirectX SDK (June 2010)\Include\dxgitype.h(33,9): warning C4005: 'DXGI_ERROR_NOT_CURRENTLY_AVAILABLE': 매크로 재정의
  (소스 파일 'ColorShaderClass.cpp'을(를) 컴파일하는 중)
      C:\Program Files (x86)\Windows Kits\10\Include\10.0.22621.0\shared\winerror.h(58340,9):
      'DXGI_ERROR_NOT_CURRENTLY_AVAILABLE'의 이전 정의를 참조하십시오.
  
C:\Program Files (x86)\Microsoft DirectX SDK (June 2010)\Include\dxgitype.h(34,9): warning C4005: 'DXGI_ERROR_REMOTE_CLIENT_DISCONNECTED': 매크로 재정의
  (소스 파일 'ColorShaderClass.cpp'을(를) 컴파일하는 중)
      C:\Program Files (x86)\Windows Kits\10\Include\10.0.22621.0\shared\winerror.h(58350,9):
      'DXGI_ERROR_REMOTE_CLIENT_DISCONNECTED'의 이전 정의를 참조하십시오.
  
C:\Program Files (x86)\Microsoft DirectX SDK (June 2010)\Include\dxgitype.h(35,9): warning C4005: 'DXGI_ERROR_REMOTE_OUTOFMEMORY': 매크로 재정의
  (소스 파일 'ColorShaderClass.cpp'을(를) 컴파일하는 중)
      C:\Program Files (x86)\Windows Kits\10\Include\10.0.22621.0\shared\winerror.h(58359,9):
      'DXGI_ERROR_REMOTE_OUTOFMEMORY'의 이전 정의를 참조하십시오.
  
C:\Program Files (x86)\Microsoft DirectX SDK (June 2010)\Include\d3d11.h(917,9): warning C4005: 'D3D11_ERROR_TOO_MANY_UNIQUE_STATE_OBJECTS': 매크로 재정의
  (소스 파일 'ColorShaderClass.cpp'을(를) 컴파일하는 중)
      C:\Program Files (x86)\Windows Kits\10\Include\10.0.22621.0\shared\winerror.h(58665,9):
      'D3D11_ERROR_TOO_MANY_UNIQUE_STATE_OBJECTS'의 이전 정의를 참조하십시오.
  
C:\Program Files (x86)\Microsoft DirectX SDK (June 2010)\Include\d3d11.h(918,9): warning C4005: 'D3D11_ERROR_FILE_NOT_FOUND': 매크로 재정의
  (소스 파일 'ColorShaderClass.cpp'을(를) 컴파일하는 중)
      C:\Program Files (x86)\Windows Kits\10\Include\10.0.22621.0\shared\winerror.h(58674,9):
      'D3D11_ERROR_FILE_NOT_FOUND'의 이전 정의를 참조하십시오.
  
C:\Program Files (x86)\Microsoft DirectX SDK (June 2010)\Include\d3d11.h(919,9): warning C4005: 'D3D11_ERROR_TOO_MANY_UNIQUE_VIEW_OBJECTS': 매크로 재정의
  (소스 파일 'ColorShaderClass.cpp'을(를) 컴파일하는 중)
      C:\Program Files (x86)\Windows Kits\10\Include\10.0.22621.0\shared\winerror.h(58684,9):
      'D3D11_ERROR_TOO_MANY_UNIQUE_VIEW_OBJECTS'의 이전 정의를 참조하십시오.
  
C:\Program Files (x86)\Microsoft DirectX SDK (June 2010)\Include\d3d11.h(920,9): warning C4005: 'D3D11_ERROR_DEFERRED_CONTEXT_MAP_WITHOUT_INITIAL_DISCARD': 매크로 재정의
  (소스 파일 'ColorShaderClass.cpp'을(를) 컴파일하는 중)
      C:\Program Files (x86)\Windows Kits\10\Include\10.0.22621.0\shared\winerror.h(58693,9):
      'D3D11_ERROR_DEFERRED_CONTEXT_MAP_WITHOUT_INITIAL_DISCARD'의 이전 정의를 참조하십시오.
  
C:\Program Files (x86)\Microsoft DirectX SDK (June 2010)\Include\d3d10.h(608,9): warning C4005: 'D3D10_ERROR_TOO_MANY_UNIQUE_STATE_OBJECTS': 매크로 재정의
  (소스 파일 'ColorShaderClass.cpp'을(를) 컴파일하는 중)
      C:\Program Files (x86)\Windows Kits\10\Include\10.0.22621.0\shared\winerror.h(58641,9):
      'D3D10_ERROR_TOO_MANY_UNIQUE_STATE_OBJECTS'의 이전 정의를 참조하십시오.
  
C:\Program Files (x86)\Microsoft DirectX SDK (June 2010)\Include\d3d10.h(609,9): warning C4005: 'D3D10_ERROR_FILE_NOT_FOUND': 매크로 재정의
  (소스 파일 'ColorShaderClass.cpp'을(를) 컴파일하는 중)
      C:\Program Files (x86)\Windows Kits\10\Include\10.0.22621.0\shared\winerror.h(58650,9):
      'D3D10_ERROR_FILE_NOT_FOUND'의 이전 정의를 참조하십시오.
  
D:\Github\DirectX\Tutorial4\Tutorial4\ColorShaderClass.cpp(221,42): warning C4244: '=': 'SIZE_T'에서 'unsigned long'(으)로 변환하면서 데이터가 손실될 수 있습니다.
D:\Github\DirectX\Tutorial4\Tutorial4\ColorShaderClass.cpp(215,28): warning C4101: 'i' :참조되지 않은 지역 변수입니다.
  D3DClass.cpp
C:\Program Files (x86)\Microsoft DirectX SDK (June 2010)\Include\dxgitype.h(12,9): warning C4005: 'DXGI_STATUS_OCCLUDED': 매크로 재정의
  (소스 파일 'D3DClass.cpp'을(를) 컴파일하는 중)
      C:\Program Files (x86)\Windows Kits\10\Include\10.0.22621.0\shared\winerror.h(58160,9):
      'DXGI_STATUS_OCCLUDED'의 이전 정의를 참조하십시오.
  
C:\Program Files (x86)\Microsoft DirectX SDK (June 2010)\Include\dxgitype.h(13,9): warning C4005: 'DXGI_STATUS_CLIPPED': 매크로 재정의
  (소스 파일 'D3DClass.cpp'을(를) 컴파일하는 중)
      C:\Program Files (x86)\Windows Kits\10\Include\10.0.22621.0\shared\winerror.h(58169,9):
      'DXGI_STATUS_CLIPPED'의 이전 정의를 참조하십시오.
  
C:\Program Files (x86)\Microsoft DirectX SDK (June 2010)\Include\dxgitype.h(14,9): warning C4005: 'DXGI_STATUS_NO_REDIRECTION': 매크로 재정의
  (소스 파일 'D3DClass.cpp'을(를) 컴파일하는 중)
      C:\Program Files (x86)\Windows Kits\10\Include\10.0.22621.0\shared\winerror.h(58178,9):
      'DXGI_STATUS_NO_REDIRECTION'의 이전 정의를 참조하십시오.
  
C:\Program Files (x86)\Microsoft DirectX SDK (June 2010)\Include\dxgitype.h(15,9): warning C4005: 'DXGI_STATUS_NO_DESKTOP_ACCESS': 매크로 재정의
  (소스 파일 'D3DClass.cpp'을(를) 컴파일하는 중)
      C:\Program Files (x86)\Windows Kits\10\Include\10.0.22621.0\shared\winerror.h(58187,9):
      'DXGI_STATUS_NO_DESKTOP_ACCESS'의 이전 정의를 참조하십시오.
  
C:\Program Files (x86)\Microsoft DirectX SDK (June 2010)\Include\dxgitype.h(16,9): warning C4005: 'DXGI_STATUS_GRAPHICS_VIDPN_SOURCE_IN_USE': 매크로 재정의
  (소스 파일 'D3DClass.cpp'을(를) 컴파일하는 중)
      C:\Program Files (x86)\Windows Kits\10\Include\10.0.22621.0\shared\winerror.h(58196,9):
      'DXGI_STATUS_GRAPHICS_VIDPN_SOURCE_IN_USE'의 이전 정의를 참조하십시오.
  
C:\Program Files (x86)\Microsoft DirectX SDK (June 2010)\Include\dxgitype.h(17,9): warning C4005: 'DXGI_STATUS_MODE_CHANGED': 매크로 재정의
  (소스 파일 'D3DClass.cpp'을(를) 컴파일하는 중)
      C:\Program Files (x86)\Windows Kits\10\Include\10.0.22621.0\shared\winerror.h(58205,9):
      'DXGI_STATUS_MODE_CHANGED'의 이전 정의를 참조하십시오.
  
C:\Program Files (x86)\Microsoft DirectX SDK (June 2010)\Include\dxgitype.h(18,9): warning C4005: 'DXGI_STATUS_MODE_CHANGE_IN_PROGRESS': 매크로 재정의
  (소스 파일 'D3DClass.cpp'을(를) 컴파일하는 중)
      C:\Program Files (x86)\Windows Kits\10\Include\10.0.22621.0\shared\winerror.h(58214,9):
      'DXGI_STATUS_MODE_CHANGE_IN_PROGRESS'의 이전 정의를 참조하십시오.
  
C:\Program Files (x86)\Microsoft DirectX SDK (June 2010)\Include\dxgitype.h(21,9): warning C4005: 'DXGI_ERROR_INVALID_CALL': 매크로 재정의
  (소스 파일 'D3DClass.cpp'을(를) 컴파일하는 중)
      C:\Program Files (x86)\Windows Kits\10\Include\10.0.22621.0\shared\winerror.h(58229,9):
      'DXGI_ERROR_INVALID_CALL'의 이전 정의를 참조하십시오.
  
C:\Program Files (x86)\Microsoft DirectX SDK (June 2010)\Include\dxgitype.h(22,9): warning C4005: 'DXGI_ERROR_NOT_FOUND': 매크로 재정의
  (소스 파일 'D3DClass.cpp'을(를) 컴파일하는 중)
      C:\Program Files (x86)\Windows Kits\10\Include\10.0.22621.0\shared\winerror.h(58238,9):
      'DXGI_ERROR_NOT_FOUND'의 이전 정의를 참조하십시오.
  
C:\Program Files (x86)\Microsoft DirectX SDK (June 2010)\Include\dxgitype.h(23,9): warning C4005: 'DXGI_ERROR_MORE_DATA': 매크로 재정의
  (소스 파일 'D3DClass.cpp'을(를) 컴파일하는 중)
      C:\Program Files (x86)\Windows Kits\10\Include\10.0.22621.0\shared\winerror.h(58247,9):
      'DXGI_ERROR_MORE_DATA'의 이전 정의를 참조하십시오.
  
C:\Program Files (x86)\Microsoft DirectX SDK (June 2010)\Include\dxgitype.h(24,9): warning C4005: 'DXGI_ERROR_UNSUPPORTED': 매크로 재정의
  (소스 파일 'D3DClass.cpp'을(를) 컴파일하는 중)
      C:\Program Files (x86)\Windows Kits\10\Include\10.0.22621.0\shared\winerror.h(58256,9):
      'DXGI_ERROR_UNSUPPORTED'의 이전 정의를 참조하십시오.
  
C:\Program Files (x86)\Microsoft DirectX SDK (June 2010)\Include\dxgitype.h(25,9): warning C4005: 'DXGI_ERROR_DEVICE_REMOVED': 매크로 재정의
  (소스 파일 'D3DClass.cpp'을(를) 컴파일하는 중)
      C:\Program Files (x86)\Windows Kits\10\Include\10.0.22621.0\shared\winerror.h(58265,9):
      'DXGI_ERROR_DEVICE_REMOVED'의 이전 정의를 참조하십시오.
  
C:\Program Files (x86)\Microsoft DirectX SDK (June 2010)\Include\dxgitype.h(26,9): warning C4005: 'DXGI_ERROR_DEVICE_HUNG': 매크로 재정의
  (소스 파일 'D3DClass.cpp'을(를) 컴파일하는 중)
      C:\Program Files (x86)\Windows Kits\10\Include\10.0.22621.0\shared\winerror.h(58274,9):
      'DXGI_ERROR_DEVICE_HUNG'의 이전 정의를 참조하십시오.
  
C:\Program Files (x86)\Microsoft DirectX SDK (June 2010)\Include\dxgitype.h(27,9): warning C4005: 'DXGI_ERROR_DEVICE_RESET': 매크로 재정의
  (소스 파일 'D3DClass.cpp'을(를) 컴파일하는 중)
      C:\Program Files (x86)\Windows Kits\10\Include\10.0.22621.0\shared\winerror.h(58284,9):
      'DXGI_ERROR_DEVICE_RESET'의 이전 정의를 참조하십시오.
  
C:\Program Files (x86)\Microsoft DirectX SDK (June 2010)\Include\dxgitype.h(28,9): warning C4005: 'DXGI_ERROR_WAS_STILL_DRAWING': 매크로 재정의
  (소스 파일 'D3DClass.cpp'을(를) 컴파일하는 중)
      C:\Program Files (x86)\Windows Kits\10\Include\10.0.22621.0\shared\winerror.h(58293,9):
      'DXGI_ERROR_WAS_STILL_DRAWING'의 이전 정의를 참조하십시오.
  
C:\Program Files (x86)\Microsoft DirectX SDK (June 2010)\Include\dxgitype.h(29,9): warning C4005: 'DXGI_ERROR_FRAME_STATISTICS_DISJOINT': 매크로 재정의
  (소스 파일 'D3DClass.cpp'을(를) 컴파일하는 중)
      C:\Program Files (x86)\Windows Kits\10\Include\10.0.22621.0\shared\winerror.h(58303,9):
      'DXGI_ERROR_FRAME_STATISTICS_DISJOINT'의 이전 정의를 참조하십시오.
  
C:\Program Files (x86)\Microsoft DirectX SDK (June 2010)\Include\dxgitype.h(30,9): warning C4005: 'DXGI_ERROR_GRAPHICS_VIDPN_SOURCE_IN_USE': 매크로 재정의
  (소스 파일 'D3DClass.cpp'을(를) 컴파일하는 중)
      C:\Program Files (x86)\Windows Kits\10\Include\10.0.22621.0\shared\winerror.h(58312,9):
      'DXGI_ERROR_GRAPHICS_VIDPN_SOURCE_IN_USE'의 이전 정의를 참조하십시오.
  
C:\Program Files (x86)\Microsoft DirectX SDK (June 2010)\Include\dxgitype.h(31,9): warning C4005: 'DXGI_ERROR_DRIVER_INTERNAL_ERROR': 매크로 재정의
  (소스 파일 'D3DClass.cpp'을(를) 컴파일하는 중)
      C:\Program Files (x86)\Windows Kits\10\Include\10.0.22621.0\shared\winerror.h(58322,9):
      'DXGI_ERROR_DRIVER_INTERNAL_ERROR'의 이전 정의를 참조하십시오.
  
C:\Program Files (x86)\Microsoft DirectX SDK (June 2010)\Include\dxgitype.h(32,9): warning C4005: 'DXGI_ERROR_NONEXCLUSIVE': 매크로 재정의
  (소스 파일 'D3DClass.cpp'을(를) 컴파일하는 중)
      C:\Program Files (x86)\Windows Kits\10\Include\10.0.22621.0\shared\winerror.h(58331,9):
      'DXGI_ERROR_NONEXCLUSIVE'의 이전 정의를 참조하십시오.
  
C:\Program Files (x86)\Microsoft DirectX SDK (June 2010)\Include\dxgitype.h(33,9): warning C4005: 'DXGI_ERROR_NOT_CURRENTLY_AVAILABLE': 매크로 재정의
  (소스 파일 'D3DClass.cpp'을(를) 컴파일하는 중)
      C:\Program Files (x86)\Windows Kits\10\Include\10.0.22621.0\shared\winerror.h(58340,9):
      'DXGI_ERROR_NOT_CURRENTLY_AVAILABLE'의 이전 정의를 참조하십시오.
  
C:\Program Files (x86)\Microsoft DirectX SDK (June 2010)\Include\dxgitype.h(34,9): warning C4005: 'DXGI_ERROR_REMOTE_CLIENT_DISCONNECTED': 매크로 재정의
  (소스 파일 'D3DClass.cpp'을(를) 컴파일하는 중)
      C:\Program Files (x86)\Windows Kits\10\Include\10.0.22621.0\shared\winerror.h(58350,9):
      'DXGI_ERROR_REMOTE_CLIENT_DISCONNECTED'의 이전 정의를 참조하십시오.
  
C:\Program Files (x86)\Microsoft DirectX SDK (June 2010)\Include\dxgitype.h(35,9): warning C4005: 'DXGI_ERROR_REMOTE_OUTOFMEMORY': 매크로 재정의
  (소스 파일 'D3DClass.cpp'을(를) 컴파일하는 중)
      C:\Program Files (x86)\Windows Kits\10\Include\10.0.22621.0\shared\winerror.h(58359,9):
      'DXGI_ERROR_REMOTE_OUTOFMEMORY'의 이전 정의를 참조하십시오.
  
C:\Program Files (x86)\Microsoft DirectX SDK (June 2010)\Include\d3d11.h(917,9): warning C4005: 'D3D11_ERROR_TOO_MANY_UNIQUE_STATE_OBJECTS': 매크로 재정의
  (소스 파일 'D3DClass.cpp'을(를) 컴파일하는 중)
      C:\Program Files (x86)\Windows Kits\10\Include\10.0.22621.0\shared\winerror.h(58665,9):
      'D3D11_ERROR_TOO_MANY_UNIQUE_STATE_OBJECTS'의 이전 정의를 참조하십시오.
  
C:\Program Files (x86)\Microsoft DirectX SDK (June 2010)\Include\d3d11.h(918,9): warning C4005: 'D3D11_ERROR_FILE_NOT_FOUND': 매크로 재정의
  (소스 파일 'D3DClass.cpp'을(를) 컴파일하는 중)
      C:\Program Files (x86)\Windows Kits\10\Include\10.0.22621.0\shared\winerror.h(58674,9):
      'D3D11_ERROR_FILE_NOT_FOUND'의 이전 정의를 참조하십시오.
  
C:\Program Files (x86)\Microsoft DirectX SDK (June 2010)\Include\d3d11.h(919,9): warning C4005: 'D3D11_ERROR_TOO_MANY_UNIQUE_VIEW_OBJECTS': 매크로 재정의
  (소스 파일 'D3DClass.cpp'을(를) 컴파일하는 중)
      C:\Program Files (x86)\Windows Kits\10\Include\10.0.22621.0\shared\winerror.h(58684,9):
      'D3D11_ERROR_TOO_MANY_UNIQUE_VIEW_OBJECTS'의 이전 정의를 참조하십시오.
  
C:\Program Files (x86)\Microsoft DirectX SDK (June 2010)\Include\d3d11.h(920,9): warning C4005: 'D3D11_ERROR_DEFERRED_CONTEXT_MAP_WITHOUT_INITIAL_DISCARD': 매크로 재정의
  (소스 파일 'D3DClass.cpp'을(를) 컴파일하는 중)
      C:\Program Files (x86)\Windows Kits\10\Include\10.0.22621.0\shared\winerror.h(58693,9):
      'D3D11_ERROR_DEFERRED_CONTEXT_MAP_WITHOUT_INITIAL_DISCARD'의 이전 정의를 참조하십시오.
  
C:\Program Files (x86)\Microsoft DirectX SDK (June 2010)\Include\d3d10.h(608,9): warning C4005: 'D3D10_ERROR_TOO_MANY_UNIQUE_STATE_OBJECTS': 매크로 재정의
  (소스 파일 'D3DClass.cpp'을(를) 컴파일하는 중)
      C:\Program Files (x86)\Windows Kits\10\Include\10.0.22621.0\shared\winerror.h(58641,9):
      'D3D10_ERROR_TOO_MANY_UNIQUE_STATE_OBJECTS'의 이전 정의를 참조하십시오.
  
C:\Program Files (x86)\Microsoft DirectX SDK (June 2010)\Include\d3d10.h(609,9): warning C4005: 'D3D10_ERROR_FILE_NOT_FOUND': 매크로 재정의
  (소스 파일 'D3DClass.cpp'을(를) 컴파일하는 중)
      C:\Program Files (x86)\Windows Kits\10\Include\10.0.22621.0\shared\winerror.h(58650,9):
      'D3D10_ERROR_FILE_NOT_FOUND'의 이전 정의를 참조하십시오.
  
D:\Github\DirectX\Tutorial4\Tutorial4\D3DClass.cpp(156,35): warning C4244: '=': 'float'에서 'UINT'(으)로 변환하면서 데이터가 손실될 수 있습니다.
D:\Github\DirectX\Tutorial4\Tutorial4\D3DClass.cpp(157,36): warning C4244: '=': 'float'에서 'UINT'(으)로 변환하면서 데이터가 손실될 수 있습니다.
D:\Github\DirectX\Tutorial4\Tutorial4\D3DClass.cpp(224,26): warning C4244: '=': 'float'에서 'UINT'(으)로 변환하면서 데이터가 손실될 수 있습니다.
D:\Github\DirectX\Tutorial4\Tutorial4\D3DClass.cpp(225,27): warning C4244: '=': 'float'에서 'UINT'(으)로 변환하면서 데이터가 손실될 수 있습니다.
D:\Github\DirectX\Tutorial4\Tutorial4\D3DClass.cpp(56,15): warning C4101: 'm_DXGIDevice' :참조되지 않은 지역 변수입니다.
D:\Github\DirectX\Tutorial4\Tutorial4\D3DClass.cpp(57,16): warning C4101: 'm_Adapter' :참조되지 않은 지역 변수입니다.
D:\Github\DirectX\Tutorial4\Tutorial4\D3DClass.cpp(55,16): warning C4101: 'm_DXGIFactory' :참조되지 않은 지역 변수입니다.
  main.cpp
C:\Program Files (x86)\Microsoft DirectX SDK (June 2010)\Include\dxgitype.h(12,9): warning C4005: 'DXGI_STATUS_OCCLUDED': 매크로 재정의
  (소스 파일 'main.cpp'을(를) 컴파일하는 중)
      C:\Program Files (x86)\Windows Kits\10\Include\10.0.22621.0\shared\winerror.h(58160,9):
      'DXGI_STATUS_OCCLUDED'의 이전 정의를 참조하십시오.
  
C:\Program Files (x86)\Microsoft DirectX SDK (June 2010)\Include\dxgitype.h(13,9): warning C4005: 'DXGI_STATUS_CLIPPED': 매크로 재정의
  (소스 파일 'main.cpp'을(를) 컴파일하는 중)
      C:\Program Files (x86)\Windows Kits\10\Include\10.0.22621.0\shared\winerror.h(58169,9):
      'DXGI_STATUS_CLIPPED'의 이전 정의를 참조하십시오.
  
C:\Program Files (x86)\Microsoft DirectX SDK (June 2010)\Include\dxgitype.h(14,9): warning C4005: 'DXGI_STATUS_NO_REDIRECTION': 매크로 재정의
  (소스 파일 'main.cpp'을(를) 컴파일하는 중)
      C:\Program Files (x86)\Windows Kits\10\Include\10.0.22621.0\shared\winerror.h(58178,9):
      'DXGI_STATUS_NO_REDIRECTION'의 이전 정의를 참조하십시오.
  
C:\Program Files (x86)\Microsoft DirectX SDK (June 2010)\Include\dxgitype.h(15,9): warning C4005: 'DXGI_STATUS_NO_DESKTOP_ACCESS': 매크로 재정의
  (소스 파일 'main.cpp'을(를) 컴파일하는 중)
      C:\Program Files (x86)\Windows Kits\10\Include\10.0.22621.0\shared\winerror.h(58187,9):
      'DXGI_STATUS_NO_DESKTOP_ACCESS'의 이전 정의를 참조하십시오.
  
C:\Program Files (x86)\Microsoft DirectX SDK (June 2010)\Include\dxgitype.h(16,9): warning C4005: 'DXGI_STATUS_GRAPHICS_VIDPN_SOURCE_IN_USE': 매크로 재정의
  (소스 파일 'main.cpp'을(를) 컴파일하는 중)
      C:\Program Files (x86)\Windows Kits\10\Include\10.0.22621.0\shared\winerror.h(58196,9):
      'DXGI_STATUS_GRAPHICS_VIDPN_SOURCE_IN_USE'의 이전 정의를 참조하십시오.
  
C:\Program Files (x86)\Microsoft DirectX SDK (June 2010)\Include\dxgitype.h(17,9): warning C4005: 'DXGI_STATUS_MODE_CHANGED': 매크로 재정의
  (소스 파일 'main.cpp'을(를) 컴파일하는 중)
      C:\Program Files (x86)\Windows Kits\10\Include\10.0.22621.0\shared\winerror.h(58205,9):
      'DXGI_STATUS_MODE_CHANGED'의 이전 정의를 참조하십시오.
  
C:\Program Files (x86)\Microsoft DirectX SDK (June 2010)\Include\dxgitype.h(18,9): warning C4005: 'DXGI_STATUS_MODE_CHANGE_IN_PROGRESS': 매크로 재정의
  (소스 파일 'main.cpp'을(를) 컴파일하는 중)
      C:\Program Files (x86)\Windows Kits\10\Include\10.0.22621.0\shared\winerror.h(58214,9):
      'DXGI_STATUS_MODE_CHANGE_IN_PROGRESS'의 이전 정의를 참조하십시오.
  
C:\Program Files (x86)\Microsoft DirectX SDK (June 2010)\Include\dxgitype.h(21,9): warning C4005: 'DXGI_ERROR_INVALID_CALL': 매크로 재정의
  (소스 파일 'main.cpp'을(를) 컴파일하는 중)
      C:\Program Files (x86)\Windows Kits\10\Include\10.0.22621.0\shared\winerror.h(58229,9):
      'DXGI_ERROR_INVALID_CALL'의 이전 정의를 참조하십시오.
  
C:\Program Files (x86)\Microsoft DirectX SDK (June 2010)\Include\dxgitype.h(22,9): warning C4005: 'DXGI_ERROR_NOT_FOUND': 매크로 재정의
  (소스 파일 'main.cpp'을(를) 컴파일하는 중)
      C:\Program Files (x86)\Windows Kits\10\Include\10.0.22621.0\shared\winerror.h(58238,9):
      'DXGI_ERROR_NOT_FOUND'의 이전 정의를 참조하십시오.
  
C:\Program Files (x86)\Microsoft DirectX SDK (June 2010)\Include\dxgitype.h(23,9): warning C4005: 'DXGI_ERROR_MORE_DATA': 매크로 재정의
  (소스 파일 'main.cpp'을(를) 컴파일하는 중)
      C:\Program Files (x86)\Windows Kits\10\Include\10.0.22621.0\shared\winerror.h(58247,9):
      'DXGI_ERROR_MORE_DATA'의 이전 정의를 참조하십시오.
  
C:\Program Files (x86)\Microsoft DirectX SDK (June 2010)\Include\dxgitype.h(24,9): warning C4005: 'DXGI_ERROR_UNSUPPORTED': 매크로 재정의
  (소스 파일 'main.cpp'을(를) 컴파일하는 중)
      C:\Program Files (x86)\Windows Kits\10\Include\10.0.22621.0\shared\winerror.h(58256,9):
      'DXGI_ERROR_UNSUPPORTED'의 이전 정의를 참조하십시오.
  
C:\Program Files (x86)\Microsoft DirectX SDK (June 2010)\Include\dxgitype.h(25,9): warning C4005: 'DXGI_ERROR_DEVICE_REMOVED': 매크로 재정의
  (소스 파일 'main.cpp'을(를) 컴파일하는 중)
      C:\Program Files (x86)\Windows Kits\10\Include\10.0.22621.0\shared\winerror.h(58265,9):
      'DXGI_ERROR_DEVICE_REMOVED'의 이전 정의를 참조하십시오.
  
C:\Program Files (x86)\Microsoft DirectX SDK (June 2010)\Include\dxgitype.h(26,9): warning C4005: 'DXGI_ERROR_DEVICE_HUNG': 매크로 재정의
  (소스 파일 'main.cpp'을(를) 컴파일하는 중)
      C:\Program Files (x86)\Windows Kits\10\Include\10.0.22621.0\shared\winerror.h(58274,9):
      'DXGI_ERROR_DEVICE_HUNG'의 이전 정의를 참조하십시오.
  
C:\Program Files (x86)\Microsoft DirectX SDK (June 2010)\Include\dxgitype.h(27,9): warning C4005: 'DXGI_ERROR_DEVICE_RESET': 매크로 재정의
  (소스 파일 'main.cpp'을(를) 컴파일하는 중)
      C:\Program Files (x86)\Windows Kits\10\Include\10.0.22621.0\shared\winerror.h(58284,9):
      'DXGI_ERROR_DEVICE_RESET'의 이전 정의를 참조하십시오.
  
C:\Program Files (x86)\Microsoft DirectX SDK (June 2010)\Include\dxgitype.h(28,9): warning C4005: 'DXGI_ERROR_WAS_STILL_DRAWING': 매크로 재정의
  (소스 파일 'main.cpp'을(를) 컴파일하는 중)
      C:\Program Files (x86)\Windows Kits\10\Include\10.0.22621.0\shared\winerror.h(58293,9):
      'DXGI_ERROR_WAS_STILL_DRAWING'의 이전 정의를 참조하십시오.
  
C:\Program Files (x86)\Microsoft DirectX SDK (June 2010)\Include\dxgitype.h(29,9): warning C4005: 'DXGI_ERROR_FRAME_STATISTICS_DISJOINT': 매크로 재정의
  (소스 파일 'main.cpp'을(를) 컴파일하는 중)
      C:\Program Files (x86)\Windows Kits\10\Include\10.0.22621.0\shared\winerror.h(58303,9):
      'DXGI_ERROR_FRAME_STATISTICS_DISJOINT'의 이전 정의를 참조하십시오.
  
C:\Program Files (x86)\Microsoft DirectX SDK (June 2010)\Include\dxgitype.h(30,9): warning C4005: 'DXGI_ERROR_GRAPHICS_VIDPN_SOURCE_IN_USE': 매크로 재정의
  (소스 파일 'main.cpp'을(를) 컴파일하는 중)
      C:\Program Files (x86)\Windows Kits\10\Include\10.0.22621.0\shared\winerror.h(58312,9):
      'DXGI_ERROR_GRAPHICS_VIDPN_SOURCE_IN_USE'의 이전 정의를 참조하십시오.
  
C:\Program Files (x86)\Microsoft DirectX SDK (June 2010)\Include\dxgitype.h(31,9): warning C4005: 'DXGI_ERROR_DRIVER_INTERNAL_ERROR': 매크로 재정의
  (소스 파일 'main.cpp'을(를) 컴파일하는 중)
      C:\Program Files (x86)\Windows Kits\10\Include\10.0.22621.0\shared\winerror.h(58322,9):
      'DXGI_ERROR_DRIVER_INTERNAL_ERROR'의 이전 정의를 참조하십시오.
  
C:\Program Files (x86)\Microsoft DirectX SDK (June 2010)\Include\dxgitype.h(32,9): warning C4005: 'DXGI_ERROR_NONEXCLUSIVE': 매크로 재정의
  (소스 파일 'main.cpp'을(를) 컴파일하는 중)
      C:\Program Files (x86)\Windows Kits\10\Include\10.0.22621.0\shared\winerror.h(58331,9):
      'DXGI_ERROR_NONEXCLUSIVE'의 이전 정의를 참조하십시오.
  
C:\Program Files (x86)\Microsoft DirectX SDK (June 2010)\Include\dxgitype.h(33,9): warning C4005: 'DXGI_ERROR_NOT_CURRENTLY_AVAILABLE': 매크로 재정의
  (소스 파일 'main.cpp'을(를) 컴파일하는 중)
      C:\Program Files (x86)\Windows Kits\10\Include\10.0.22621.0\shared\winerror.h(58340,9):
      'DXGI_ERROR_NOT_CURRENTLY_AVAILABLE'의 이전 정의를 참조하십시오.
  
C:\Program Files (x86)\Microsoft DirectX SDK (June 2010)\Include\dxgitype.h(34,9): warning C4005: 'DXGI_ERROR_REMOTE_CLIENT_DISCONNECTED': 매크로 재정의
  (소스 파일 'main.cpp'을(를) 컴파일하는 중)
      C:\Program Files (x86)\Windows Kits\10\Include\10.0.22621.0\shared\winerror.h(58350,9):
      'DXGI_ERROR_REMOTE_CLIENT_DISCONNECTED'의 이전 정의를 참조하십시오.
  
C:\Program Files (x86)\Microsoft DirectX SDK (June 2010)\Include\dxgitype.h(35,9): warning C4005: 'DXGI_ERROR_REMOTE_OUTOFMEMORY': 매크로 재정의
  (소스 파일 'main.cpp'을(를) 컴파일하는 중)
      C:\Program Files (x86)\Windows Kits\10\Include\10.0.22621.0\shared\winerror.h(58359,9):
      'DXGI_ERROR_REMOTE_OUTOFMEMORY'의 이전 정의를 참조하십시오.
  
C:\Program Files (x86)\Microsoft DirectX SDK (June 2010)\Include\d3d11.h(917,9): warning C4005: 'D3D11_ERROR_TOO_MANY_UNIQUE_STATE_OBJECTS': 매크로 재정의
  (소스 파일 'main.cpp'을(를) 컴파일하는 중)
      C:\Program Files (x86)\Windows Kits\10\Include\10.0.22621.0\shared\winerror.h(58665,9):
      'D3D11_ERROR_TOO_MANY_UNIQUE_STATE_OBJECTS'의 이전 정의를 참조하십시오.
  
C:\Program Files (x86)\Microsoft DirectX SDK (June 2010)\Include\d3d11.h(918,9): warning C4005: 'D3D11_ERROR_FILE_NOT_FOUND': 매크로 재정의
  (소스 파일 'main.cpp'을(를) 컴파일하는 중)
      C:\Program Files (x86)\Windows Kits\10\Include\10.0.22621.0\shared\winerror.h(58674,9):
      'D3D11_ERROR_FILE_NOT_FOUND'의 이전 정의를 참조하십시오.
  
C:\Program Files (x86)\Microsoft DirectX SDK (June 2010)\Include\d3d11.h(919,9): warning C4005: 'D3D11_ERROR_TOO_MANY_UNIQUE_VIEW_OBJECTS': 매크로 재정의
  (소스 파일 'main.cpp'을(를) 컴파일하는 중)
      C:\Program Files (x86)\Windows Kits\10\Include\10.0.22621.0\shared\winerror.h(58684,9):
      'D3D11_ERROR_TOO_MANY_UNIQUE_VIEW_OBJECTS'의 이전 정의를 참조하십시오.
  
C:\Program Files (x86)\Microsoft DirectX SDK (June 2010)\Include\d3d11.h(920,9): warning C4005: 'D3D11_ERROR_DEFERRED_CONTEXT_MAP_WITHOUT_INITIAL_DISCARD': 매크로 재정의
  (소스 파일 'main.cpp'을(를) 컴파일하는 중)
      C:\Program Files (x86)\Windows Kits\10\Include\10.0.22621.0\shared\winerror.h(58693,9):
      'D3D11_ERROR_DEFERRED_CONTEXT_MAP_WITHOUT_INITIAL_DISCARD'의 이전 정의를 참조하십시오.
  
C:\Program Files (x86)\Microsoft DirectX SDK (June 2010)\Include\d3d10.h(608,9): warning C4005: 'D3D10_ERROR_TOO_MANY_UNIQUE_STATE_OBJECTS': 매크로 재정의
  (소스 파일 'main.cpp'을(를) 컴파일하는 중)
      C:\Program Files (x86)\Windows Kits\10\Include\10.0.22621.0\shared\winerror.h(58641,9):
      'D3D10_ERROR_TOO_MANY_UNIQUE_STATE_OBJECTS'의 이전 정의를 참조하십시오.
  
C:\Program Files (x86)\Microsoft DirectX SDK (June 2010)\Include\d3d10.h(609,9): warning C4005: 'D3D10_ERROR_FILE_NOT_FOUND': 매크로 재정의
  (소스 파일 'main.cpp'을(를) 컴파일하는 중)
      C:\Program Files (x86)\Windows Kits\10\Include\10.0.22621.0\shared\winerror.h(58650,9):
      'D3D10_ERROR_FILE_NOT_FOUND'의 이전 정의를 참조하십시오.
  
  ModelClass.cpp
C:\Program Files (x86)\Microsoft DirectX SDK (June 2010)\Include\dxgitype.h(12,9): warning C4005: 'DXGI_STATUS_OCCLUDED': 매크로 재정의
  (소스 파일 'ModelClass.cpp'을(를) 컴파일하는 중)
      C:\Program Files (x86)\Windows Kits\10\Include\10.0.22621.0\shared\winerror.h(58160,9):
      'DXGI_STATUS_OCCLUDED'의 이전 정의를 참조하십시오.
  
C:\Program Files (x86)\Microsoft DirectX SDK (June 2010)\Include\dxgitype.h(13,9): warning C4005: 'DXGI_STATUS_CLIPPED': 매크로 재정의
  (소스 파일 'ModelClass.cpp'을(를) 컴파일하는 중)
      C:\Program Files (x86)\Windows Kits\10\Include\10.0.22621.0\shared\winerror.h(58169,9):
      'DXGI_STATUS_CLIPPED'의 이전 정의를 참조하십시오.
  
C:\Program Files (x86)\Microsoft DirectX SDK (June 2010)\Include\dxgitype.h(14,9): warning C4005: 'DXGI_STATUS_NO_REDIRECTION': 매크로 재정의
  (소스 파일 'ModelClass.cpp'을(를) 컴파일하는 중)
      C:\Program Files (x86)\Windows Kits\10\Include\10.0.22621.0\shared\winerror.h(58178,9):
      'DXGI_STATUS_NO_REDIRECTION'의 이전 정의를 참조하십시오.
  
C:\Program Files (x86)\Microsoft DirectX SDK (June 2010)\Include\dxgitype.h(15,9): warning C4005: 'DXGI_STATUS_NO_DESKTOP_ACCESS': 매크로 재정의
  (소스 파일 'ModelClass.cpp'을(를) 컴파일하는 중)
      C:\Program Files (x86)\Windows Kits\10\Include\10.0.22621.0\shared\winerror.h(58187,9):
      'DXGI_STATUS_NO_DESKTOP_ACCESS'의 이전 정의를 참조하십시오.
  
C:\Program Files (x86)\Microsoft DirectX SDK (June 2010)\Include\dxgitype.h(16,9): warning C4005: 'DXGI_STATUS_GRAPHICS_VIDPN_SOURCE_IN_USE': 매크로 재정의
  (소스 파일 'ModelClass.cpp'을(를) 컴파일하는 중)
      C:\Program Files (x86)\Windows Kits\10\Include\10.0.22621.0\shared\winerror.h(58196,9):
      'DXGI_STATUS_GRAPHICS_VIDPN_SOURCE_IN_USE'의 이전 정의를 참조하십시오.
  
C:\Program Files (x86)\Microsoft DirectX SDK (June 2010)\Include\dxgitype.h(17,9): warning C4005: 'DXGI_STATUS_MODE_CHANGED': 매크로 재정의
  (소스 파일 'ModelClass.cpp'을(를) 컴파일하는 중)
      C:\Program Files (x86)\Windows Kits\10\Include\10.0.22621.0\shared\winerror.h(58205,9):
      'DXGI_STATUS_MODE_CHANGED'의 이전 정의를 참조하십시오.
  
C:\Program Files (x86)\Microsoft DirectX SDK (June 2010)\Include\dxgitype.h(18,9): warning C4005: 'DXGI_STATUS_MODE_CHANGE_IN_PROGRESS': 매크로 재정의
  (소스 파일 'ModelClass.cpp'을(를) 컴파일하는 중)
      C:\Program Files (x86)\Windows Kits\10\Include\10.0.22621.0\shared\winerror.h(58214,9):
      'DXGI_STATUS_MODE_CHANGE_IN_PROGRESS'의 이전 정의를 참조하십시오.
  
C:\Program Files (x86)\Microsoft DirectX SDK (June 2010)\Include\dxgitype.h(21,9): warning C4005: 'DXGI_ERROR_INVALID_CALL': 매크로 재정의
  (소스 파일 'ModelClass.cpp'을(를) 컴파일하는 중)
      C:\Program Files (x86)\Windows Kits\10\Include\10.0.22621.0\shared\winerror.h(58229,9):
      'DXGI_ERROR_INVALID_CALL'의 이전 정의를 참조하십시오.
  
C:\Program Files (x86)\Microsoft DirectX SDK (June 2010)\Include\dxgitype.h(22,9): warning C4005: 'DXGI_ERROR_NOT_FOUND': 매크로 재정의
  (소스 파일 'ModelClass.cpp'을(를) 컴파일하는 중)
      C:\Program Files (x86)\Windows Kits\10\Include\10.0.22621.0\shared\winerror.h(58238,9):
      'DXGI_ERROR_NOT_FOUND'의 이전 정의를 참조하십시오.
  
C:\Program Files (x86)\Microsoft DirectX SDK (June 2010)\Include\dxgitype.h(23,9): warning C4005: 'DXGI_ERROR_MORE_DATA': 매크로 재정의
  (소스 파일 'ModelClass.cpp'을(를) 컴파일하는 중)
      C:\Program Files (x86)\Windows Kits\10\Include\10.0.22621.0\shared\winerror.h(58247,9):
      'DXGI_ERROR_MORE_DATA'의 이전 정의를 참조하십시오.
  
C:\Program Files (x86)\Microsoft DirectX SDK (June 2010)\Include\dxgitype.h(24,9): warning C4005: 'DXGI_ERROR_UNSUPPORTED': 매크로 재정의
  (소스 파일 'ModelClass.cpp'을(를) 컴파일하는 중)
      C:\Program Files (x86)\Windows Kits\10\Include\10.0.22621.0\shared\winerror.h(58256,9):
      'DXGI_ERROR_UNSUPPORTED'의 이전 정의를 참조하십시오.
  
C:\Program Files (x86)\Microsoft DirectX SDK (June 2010)\Include\dxgitype.h(25,9): warning C4005: 'DXGI_ERROR_DEVICE_REMOVED': 매크로 재정의
  (소스 파일 'ModelClass.cpp'을(를) 컴파일하는 중)
      C:\Program Files (x86)\Windows Kits\10\Include\10.0.22621.0\shared\winerror.h(58265,9):
      'DXGI_ERROR_DEVICE_REMOVED'의 이전 정의를 참조하십시오.
  
C:\Program Files (x86)\Microsoft DirectX SDK (June 2010)\Include\dxgitype.h(26,9): warning C4005: 'DXGI_ERROR_DEVICE_HUNG': 매크로 재정의
  (소스 파일 'ModelClass.cpp'을(를) 컴파일하는 중)
      C:\Program Files (x86)\Windows Kits\10\Include\10.0.22621.0\shared\winerror.h(58274,9):
      'DXGI_ERROR_DEVICE_HUNG'의 이전 정의를 참조하십시오.
  
C:\Program Files (x86)\Microsoft DirectX SDK (June 2010)\Include\dxgitype.h(27,9): warning C4005: 'DXGI_ERROR_DEVICE_RESET': 매크로 재정의
  (소스 파일 'ModelClass.cpp'을(를) 컴파일하는 중)
      C:\Program Files (x86)\Windows Kits\10\Include\10.0.22621.0\shared\winerror.h(58284,9):
      'DXGI_ERROR_DEVICE_RESET'의 이전 정의를 참조하십시오.
  
C:\Program Files (x86)\Microsoft DirectX SDK (June 2010)\Include\dxgitype.h(28,9): warning C4005: 'DXGI_ERROR_WAS_STILL_DRAWING': 매크로 재정의
  (소스 파일 'ModelClass.cpp'을(를) 컴파일하는 중)
      C:\Program Files (x86)\Windows Kits\10\Include\10.0.22621.0\shared\winerror.h(58293,9):
      'DXGI_ERROR_WAS_STILL_DRAWING'의 이전 정의를 참조하십시오.
  
C:\Program Files (x86)\Microsoft DirectX SDK (June 2010)\Include\dxgitype.h(29,9): warning C4005: 'DXGI_ERROR_FRAME_STATISTICS_DISJOINT': 매크로 재정의
  (소스 파일 'ModelClass.cpp'을(를) 컴파일하는 중)
      C:\Program Files (x86)\Windows Kits\10\Include\10.0.22621.0\shared\winerror.h(58303,9):
      'DXGI_ERROR_FRAME_STATISTICS_DISJOINT'의 이전 정의를 참조하십시오.
  
C:\Program Files (x86)\Microsoft DirectX SDK (June 2010)\Include\dxgitype.h(30,9): warning C4005: 'DXGI_ERROR_GRAPHICS_VIDPN_SOURCE_IN_USE': 매크로 재정의
  (소스 파일 'ModelClass.cpp'을(를) 컴파일하는 중)
      C:\Program Files (x86)\Windows Kits\10\Include\10.0.22621.0\shared\winerror.h(58312,9):
      'DXGI_ERROR_GRAPHICS_VIDPN_SOURCE_IN_USE'의 이전 정의를 참조하십시오.
  
C:\Program Files (x86)\Microsoft DirectX SDK (June 2010)\Include\dxgitype.h(31,9): warning C4005: 'DXGI_ERROR_DRIVER_INTERNAL_ERROR': 매크로 재정의
  (소스 파일 'ModelClass.cpp'을(를) 컴파일하는 중)
      C:\Program Files (x86)\Windows Kits\10\Include\10.0.22621.0\shared\winerror.h(58322,9):
      'DXGI_ERROR_DRIVER_INTERNAL_ERROR'의 이전 정의를 참조하십시오.
  
C:\Program Files (x86)\Microsoft DirectX SDK (June 2010)\Include\dxgitype.h(32,9): warning C4005: 'DXGI_ERROR_NONEXCLUSIVE': 매크로 재정의
  (소스 파일 'ModelClass.cpp'을(를) 컴파일하는 중)
      C:\Program Files (x86)\Windows Kits\10\Include\10.0.22621.0\shared\winerror.h(58331,9):
      'DXGI_ERROR_NONEXCLUSIVE'의 이전 정의를 참조하십시오.
  
C:\Program Files (x86)\Microsoft DirectX SDK (June 2010)\Include\dxgitype.h(33,9): warning C4005: 'DXGI_ERROR_NOT_CURRENTLY_AVAILABLE': 매크로 재정의
  (소스 파일 'ModelClass.cpp'을(를) 컴파일하는 중)
      C:\Program Files (x86)\Windows Kits\10\Include\10.0.22621.0\shared\winerror.h(58340,9):
      'DXGI_ERROR_NOT_CURRENTLY_AVAILABLE'의 이전 정의를 참조하십시오.
  
C:\Program Files (x86)\Microsoft DirectX SDK (June 2010)\Include\dxgitype.h(34,9): warning C4005: 'DXGI_ERROR_REMOTE_CLIENT_DISCONNECTED': 매크로 재정의
  (소스 파일 'ModelClass.cpp'을(를) 컴파일하는 중)
      C:\Program Files (x86)\Windows Kits\10\Include\10.0.22621.0\shared\winerror.h(58350,9):
      'DXGI_ERROR_REMOTE_CLIENT_DISCONNECTED'의 이전 정의를 참조하십시오.
  
C:\Program Files (x86)\Microsoft DirectX SDK (June 2010)\Include\dxgitype.h(35,9): warning C4005: 'DXGI_ERROR_REMOTE_OUTOFMEMORY': 매크로 재정의
  (소스 파일 'ModelClass.cpp'을(를) 컴파일하는 중)
      C:\Program Files (x86)\Windows Kits\10\Include\10.0.22621.0\shared\winerror.h(58359,9):
      'DXGI_ERROR_REMOTE_OUTOFMEMORY'의 이전 정의를 참조하십시오.
  
C:\Program Files (x86)\Microsoft DirectX SDK (June 2010)\Include\d3d11.h(917,9): warning C4005: 'D3D11_ERROR_TOO_MANY_UNIQUE_STATE_OBJECTS': 매크로 재정의
  (소스 파일 'ModelClass.cpp'을(를) 컴파일하는 중)
      C:\Program Files (x86)\Windows Kits\10\Include\10.0.22621.0\shared\winerror.h(58665,9):
      'D3D11_ERROR_TOO_MANY_UNIQUE_STATE_OBJECTS'의 이전 정의를 참조하십시오.
  
C:\Program Files (x86)\Microsoft DirectX SDK (June 2010)\Include\d3d11.h(918,9): warning C4005: 'D3D11_ERROR_FILE_NOT_FOUND': 매크로 재정의
  (소스 파일 'ModelClass.cpp'을(를) 컴파일하는 중)
      C:\Program Files (x86)\Windows Kits\10\Include\10.0.22621.0\shared\winerror.h(58674,9):
      'D3D11_ERROR_FILE_NOT_FOUND'의 이전 정의를 참조하십시오.
  
C:\Program Files (x86)\Microsoft DirectX SDK (June 2010)\Include\d3d11.h(919,9): warning C4005: 'D3D11_ERROR_TOO_MANY_UNIQUE_VIEW_OBJECTS': 매크로 재정의
  (소스 파일 'ModelClass.cpp'을(를) 컴파일하는 중)
      C:\Program Files (x86)\Windows Kits\10\Include\10.0.22621.0\shared\winerror.h(58684,9):
      'D3D11_ERROR_TOO_MANY_UNIQUE_VIEW_OBJECTS'의 이전 정의를 참조하십시오.
  
C:\Program Files (x86)\Microsoft DirectX SDK (June 2010)\Include\d3d11.h(920,9): warning C4005: 'D3D11_ERROR_DEFERRED_CONTEXT_MAP_WITHOUT_INITIAL_DISCARD': 매크로 재정의
  (소스 파일 'ModelClass.cpp'을(를) 컴파일하는 중)
      C:\Program Files (x86)\Windows Kits\10\Include\10.0.22621.0\shared\winerror.h(58693,9):
      'D3D11_ERROR_DEFERRED_CONTEXT_MAP_WITHOUT_INITIAL_DISCARD'의 이전 정의를 참조하십시오.
  
C:\Program Files (x86)\Microsoft DirectX SDK (June 2010)\Include\d3d10.h(608,9): warning C4005: 'D3D10_ERROR_TOO_MANY_UNIQUE_STATE_OBJECTS': 매크로 재정의
  (소스 파일 'ModelClass.cpp'을(를) 컴파일하는 중)
      C:\Program Files (x86)\Windows Kits\10\Include\10.0.22621.0\shared\winerror.h(58641,9):
      'D3D10_ERROR_TOO_MANY_UNIQUE_STATE_OBJECTS'의 이전 정의를 참조하십시오.
  
C:\Program Files (x86)\Microsoft DirectX SDK (June 2010)\Include\d3d10.h(609,9): warning C4005: 'D3D10_ERROR_FILE_NOT_FOUND': 매크로 재정의
  (소스 파일 'ModelClass.cpp'을(를) 컴파일하는 중)
      C:\Program Files (x86)\Windows Kits\10\Include\10.0.22621.0\shared\winerror.h(58650,9):
      'D3D10_ERROR_FILE_NOT_FOUND'의 이전 정의를 참조하십시오.
  
  SystemClass.cpp
C:\Program Files (x86)\Microsoft DirectX SDK (June 2010)\Include\dxgitype.h(12,9): warning C4005: 'DXGI_STATUS_OCCLUDED': 매크로 재정의
  (소스 파일 'SystemClass.cpp'을(를) 컴파일하는 중)
      C:\Program Files (x86)\Windows Kits\10\Include\10.0.22621.0\shared\winerror.h(58160,9):
      'DXGI_STATUS_OCCLUDED'의 이전 정의를 참조하십시오.
  
C:\Program Files (x86)\Microsoft DirectX SDK (June 2010)\Include\dxgitype.h(13,9): warning C4005: 'DXGI_STATUS_CLIPPED': 매크로 재정의
  (소스 파일 'SystemClass.cpp'을(를) 컴파일하는 중)
      C:\Program Files (x86)\Windows Kits\10\Include\10.0.22621.0\shared\winerror.h(58169,9):
      'DXGI_STATUS_CLIPPED'의 이전 정의를 참조하십시오.
  
C:\Program Files (x86)\Microsoft DirectX SDK (June 2010)\Include\dxgitype.h(14,9): warning C4005: 'DXGI_STATUS_NO_REDIRECTION': 매크로 재정의
  (소스 파일 'SystemClass.cpp'을(를) 컴파일하는 중)
      C:\Program Files (x86)\Windows Kits\10\Include\10.0.22621.0\shared\winerror.h(58178,9):
      'DXGI_STATUS_NO_REDIRECTION'의 이전 정의를 참조하십시오.
  
C:\Program Files (x86)\Microsoft DirectX SDK (June 2010)\Include\dxgitype.h(15,9): warning C4005: 'DXGI_STATUS_NO_DESKTOP_ACCESS': 매크로 재정의
  (소스 파일 'SystemClass.cpp'을(를) 컴파일하는 중)
      C:\Program Files (x86)\Windows Kits\10\Include\10.0.22621.0\shared\winerror.h(58187,9):
      'DXGI_STATUS_NO_DESKTOP_ACCESS'의 이전 정의를 참조하십시오.
  
C:\Program Files (x86)\Microsoft DirectX SDK (June 2010)\Include\dxgitype.h(16,9): warning C4005: 'DXGI_STATUS_GRAPHICS_VIDPN_SOURCE_IN_USE': 매크로 재정의
  (소스 파일 'SystemClass.cpp'을(를) 컴파일하는 중)
      C:\Program Files (x86)\Windows Kits\10\Include\10.0.22621.0\shared\winerror.h(58196,9):
      'DXGI_STATUS_GRAPHICS_VIDPN_SOURCE_IN_USE'의 이전 정의를 참조하십시오.
  
C:\Program Files (x86)\Microsoft DirectX SDK (June 2010)\Include\dxgitype.h(17,9): warning C4005: 'DXGI_STATUS_MODE_CHANGED': 매크로 재정의
  (소스 파일 'SystemClass.cpp'을(를) 컴파일하는 중)
      C:\Program Files (x86)\Windows Kits\10\Include\10.0.22621.0\shared\winerror.h(58205,9):
      'DXGI_STATUS_MODE_CHANGED'의 이전 정의를 참조하십시오.
  
C:\Program Files (x86)\Microsoft DirectX SDK (June 2010)\Include\dxgitype.h(18,9): warning C4005: 'DXGI_STATUS_MODE_CHANGE_IN_PROGRESS': 매크로 재정의
  (소스 파일 'SystemClass.cpp'을(를) 컴파일하는 중)
      C:\Program Files (x86)\Windows Kits\10\Include\10.0.22621.0\shared\winerror.h(58214,9):
      'DXGI_STATUS_MODE_CHANGE_IN_PROGRESS'의 이전 정의를 참조하십시오.
  
C:\Program Files (x86)\Microsoft DirectX SDK (June 2010)\Include\dxgitype.h(21,9): warning C4005: 'DXGI_ERROR_INVALID_CALL': 매크로 재정의
  (소스 파일 'SystemClass.cpp'을(를) 컴파일하는 중)
      C:\Program Files (x86)\Windows Kits\10\Include\10.0.22621.0\shared\winerror.h(58229,9):
      'DXGI_ERROR_INVALID_CALL'의 이전 정의를 참조하십시오.
  
C:\Program Files (x86)\Microsoft DirectX SDK (June 2010)\Include\dxgitype.h(22,9): warning C4005: 'DXGI_ERROR_NOT_FOUND': 매크로 재정의
  (소스 파일 'SystemClass.cpp'을(를) 컴파일하는 중)
      C:\Program Files (x86)\Windows Kits\10\Include\10.0.22621.0\shared\winerror.h(58238,9):
      'DXGI_ERROR_NOT_FOUND'의 이전 정의를 참조하십시오.
  
C:\Program Files (x86)\Microsoft DirectX SDK (June 2010)\Include\dxgitype.h(23,9): warning C4005: 'DXGI_ERROR_MORE_DATA': 매크로 재정의
  (소스 파일 'SystemClass.cpp'을(를) 컴파일하는 중)
      C:\Program Files (x86)\Windows Kits\10\Include\10.0.22621.0\shared\winerror.h(58247,9):
      'DXGI_ERROR_MORE_DATA'의 이전 정의를 참조하십시오.
  
C:\Program Files (x86)\Microsoft DirectX SDK (June 2010)\Include\dxgitype.h(24,9): warning C4005: 'DXGI_ERROR_UNSUPPORTED': 매크로 재정의
  (소스 파일 'SystemClass.cpp'을(를) 컴파일하는 중)
      C:\Program Files (x86)\Windows Kits\10\Include\10.0.22621.0\shared\winerror.h(58256,9):
      'DXGI_ERROR_UNSUPPORTED'의 이전 정의를 참조하십시오.
  
C:\Program Files (x86)\Microsoft DirectX SDK (June 2010)\Include\dxgitype.h(25,9): warning C4005: 'DXGI_ERROR_DEVICE_REMOVED': 매크로 재정의
  (소스 파일 'SystemClass.cpp'을(를) 컴파일하는 중)
      C:\Program Files (x86)\Windows Kits\10\Include\10.0.22621.0\shared\winerror.h(58265,9):
      'DXGI_ERROR_DEVICE_REMOVED'의 이전 정의를 참조하십시오.
  
C:\Program Files (x86)\Microsoft DirectX SDK (June 2010)\Include\dxgitype.h(26,9): warning C4005: 'DXGI_ERROR_DEVICE_HUNG': 매크로 재정의
  (소스 파일 'SystemClass.cpp'을(를) 컴파일하는 중)
      C:\Program Files (x86)\Windows Kits\10\Include\10.0.22621.0\shared\winerror.h(58274,9):
      'DXGI_ERROR_DEVICE_HUNG'의 이전 정의를 참조하십시오.
  
C:\Program Files (x86)\Microsoft DirectX SDK (June 2010)\Include\dxgitype.h(27,9): warning C4005: 'DXGI_ERROR_DEVICE_RESET': 매크로 재정의
  (소스 파일 'SystemClass.cpp'을(를) 컴파일하는 중)
      C:\Program Files (x86)\Windows Kits\10\Include\10.0.22621.0\shared\winerror.h(58284,9):
      'DXGI_ERROR_DEVICE_RESET'의 이전 정의를 참조하십시오.
  
C:\Program Files (x86)\Microsoft DirectX SDK (June 2010)\Include\dxgitype.h(28,9): warning C4005: 'DXGI_ERROR_WAS_STILL_DRAWING': 매크로 재정의
  (소스 파일 'SystemClass.cpp'을(를) 컴파일하는 중)
      C:\Program Files (x86)\Windows Kits\10\Include\10.0.22621.0\shared\winerror.h(58293,9):
      'DXGI_ERROR_WAS_STILL_DRAWING'의 이전 정의를 참조하십시오.
  
C:\Program Files (x86)\Microsoft DirectX SDK (June 2010)\Include\dxgitype.h(29,9): warning C4005: 'DXGI_ERROR_FRAME_STATISTICS_DISJOINT': 매크로 재정의
  (소스 파일 'SystemClass.cpp'을(를) 컴파일하는 중)
      C:\Program Files (x86)\Windows Kits\10\Include\10.0.22621.0\shared\winerror.h(58303,9):
      'DXGI_ERROR_FRAME_STATISTICS_DISJOINT'의 이전 정의를 참조하십시오.
  
C:\Program Files (x86)\Microsoft DirectX SDK (June 2010)\Include\dxgitype.h(30,9): warning C4005: 'DXGI_ERROR_GRAPHICS_VIDPN_SOURCE_IN_USE': 매크로 재정의
  (소스 파일 'SystemClass.cpp'을(를) 컴파일하는 중)
      C:\Program Files (x86)\Windows Kits\10\Include\10.0.22621.0\shared\winerror.h(58312,9):
      'DXGI_ERROR_GRAPHICS_VIDPN_SOURCE_IN_USE'의 이전 정의를 참조하십시오.
  
C:\Program Files (x86)\Microsoft DirectX SDK (June 2010)\Include\dxgitype.h(31,9): warning C4005: 'DXGI_ERROR_DRIVER_INTERNAL_ERROR': 매크로 재정의
  (소스 파일 'SystemClass.cpp'을(를) 컴파일하는 중)
      C:\Program Files (x86)\Windows Kits\10\Include\10.0.22621.0\shared\winerror.h(58322,9):
      'DXGI_ERROR_DRIVER_INTERNAL_ERROR'의 이전 정의를 참조하십시오.
  
C:\Program Files (x86)\Microsoft DirectX SDK (June 2010)\Include\dxgitype.h(32,9): warning C4005: 'DXGI_ERROR_NONEXCLUSIVE': 매크로 재정의
  (소스 파일 'SystemClass.cpp'을(를) 컴파일하는 중)
      C:\Program Files (x86)\Windows Kits\10\Include\10.0.22621.0\shared\winerror.h(58331,9):
      'DXGI_ERROR_NONEXCLUSIVE'의 이전 정의를 참조하십시오.
  
C:\Program Files (x86)\Microsoft DirectX SDK (June 2010)\Include\dxgitype.h(33,9): warning C4005: 'DXGI_ERROR_NOT_CURRENTLY_AVAILABLE': 매크로 재정의
  (소스 파일 'SystemClass.cpp'을(를) 컴파일하는 중)
      C:\Program Files (x86)\Windows Kits\10\Include\10.0.22621.0\shared\winerror.h(58340,9):
      'DXGI_ERROR_NOT_CURRENTLY_AVAILABLE'의 이전 정의를 참조하십시오.
  
C:\Program Files (x86)\Microsoft DirectX SDK (June 2010)\Include\dxgitype.h(34,9): warning C4005: 'DXGI_ERROR_REMOTE_CLIENT_DISCONNECTED': 매크로 재정의
  (소스 파일 'SystemClass.cpp'을(를) 컴파일하는 중)
      C:\Program Files (x86)\Windows Kits\10\Include\10.0.22621.0\shared\winerror.h(58350,9):
      'DXGI_ERROR_REMOTE_CLIENT_DISCONNECTED'의 이전 정의를 참조하십시오.
  
C:\Program Files (x86)\Microsoft DirectX SDK (June 2010)\Include\dxgitype.h(35,9): warning C4005: 'DXGI_ERROR_REMOTE_OUTOFMEMORY': 매크로 재정의
  (소스 파일 'SystemClass.cpp'을(를) 컴파일하는 중)
      C:\Program Files (x86)\Windows Kits\10\Include\10.0.22621.0\shared\winerror.h(58359,9):
      'DXGI_ERROR_REMOTE_OUTOFMEMORY'의 이전 정의를 참조하십시오.
  
C:\Program Files (x86)\Microsoft DirectX SDK (June 2010)\Include\d3d11.h(917,9): warning C4005: 'D3D11_ERROR_TOO_MANY_UNIQUE_STATE_OBJECTS': 매크로 재정의
  (소스 파일 'SystemClass.cpp'을(를) 컴파일하는 중)
      C:\Program Files (x86)\Windows Kits\10\Include\10.0.22621.0\shared\winerror.h(58665,9):
      'D3D11_ERROR_TOO_MANY_UNIQUE_STATE_OBJECTS'의 이전 정의를 참조하십시오.
  
C:\Program Files (x86)\Microsoft DirectX SDK (June 2010)\Include\d3d11.h(918,9): warning C4005: 'D3D11_ERROR_FILE_NOT_FOUND': 매크로 재정의
  (소스 파일 'SystemClass.cpp'을(를) 컴파일하는 중)
      C:\Program Files (x86)\Windows Kits\10\Include\10.0.22621.0\shared\winerror.h(58674,9):
      'D3D11_ERROR_FILE_NOT_FOUND'의 이전 정의를 참조하십시오.
  
C:\Program Files (x86)\Microsoft DirectX SDK (June 2010)\Include\d3d11.h(919,9): warning C4005: 'D3D11_ERROR_TOO_MANY_UNIQUE_VIEW_OBJECTS': 매크로 재정의
  (소스 파일 'SystemClass.cpp'을(를) 컴파일하는 중)
      C:\Program Files (x86)\Windows Kits\10\Include\10.0.22621.0\shared\winerror.h(58684,9):
      'D3D11_ERROR_TOO_MANY_UNIQUE_VIEW_OBJECTS'의 이전 정의를 참조하십시오.
  
C:\Program Files (x86)\Microsoft DirectX SDK (June 2010)\Include\d3d11.h(920,9): warning C4005: 'D3D11_ERROR_DEFERRED_CONTEXT_MAP_WITHOUT_INITIAL_DISCARD': 매크로 재정의
  (소스 파일 'SystemClass.cpp'을(를) 컴파일하는 중)
      C:\Program Files (x86)\Windows Kits\10\Include\10.0.22621.0\shared\winerror.h(58693,9):
      'D3D11_ERROR_DEFERRED_CONTEXT_MAP_WITHOUT_INITIAL_DISCARD'의 이전 정의를 참조하십시오.
  
C:\Program Files (x86)\Microsoft DirectX SDK (June 2010)\Include\d3d10.h(608,9): warning C4005: 'D3D10_ERROR_TOO_MANY_UNIQUE_STATE_OBJECTS': 매크로 재정의
  (소스 파일 'SystemClass.cpp'을(를) 컴파일하는 중)
      C:\Program Files (x86)\Windows Kits\10\Include\10.0.22621.0\shared\winerror.h(58641,9):
      'D3D10_ERROR_TOO_MANY_UNIQUE_STATE_OBJECTS'의 이전 정의를 참조하십시오.
  
C:\Program Files (x86)\Microsoft DirectX SDK (June 2010)\Include\d3d10.h(609,9): warning C4005: 'D3D10_ERROR_FILE_NOT_FOUND': 매크로 재정의
  (소스 파일 'SystemClass.cpp'을(를) 컴파일하는 중)
      C:\Program Files (x86)\Windows Kits\10\Include\10.0.22621.0\shared\winerror.h(58650,9):
      'D3D10_ERROR_FILE_NOT_FOUND'의 이전 정의를 참조하십시오.
  
D:\Github\DirectX\Tutorial4\Tutorial4\SystemClass.cpp(78,131): warning C4244: '인수': 'int'에서 'float'(으)로 변환하면서 데이터가 손실될 수 있습니다.
D:\Github\DirectX\Tutorial4\Tutorial4\SystemClass.cpp(78,118): warning C4244: '인수': 'int'에서 'float'(으)로 변환하면서 데이터가 손실될 수 있습니다.
D:\Github\DirectX\Tutorial4\Tutorial4\SystemClass.cpp(23,10): warning C4101: 'dmScreenSettings' :참조되지 않은 지역 변수입니다.
  코드를 생성하고 있습니다...
  Tutorial4.vcxproj -> D:\Github\DirectX\Tutorial4\x64\Debug\Tutorial4.exe
